[  967140ms] [ERROR] Error: <ellipse> attribute ry: Expected length, "undefined". @ http://localhost:3000/node_modules/.vite/deps/motion_react.js?v=c51b6601:5707
[  967140ms] [ERROR] Error: <ellipse> attribute ry: Expected length, "undefined". @ http://localhost:3000/node_modules/.vite/deps/motion_react.js?v=c51b6601:5707
[  967140ms] [ERROR] Error: <ellipse> attribute ry: Expected length, "undefined". @ http://localhost:3000/node_modules/.vite/deps/motion_react.js?v=c51b6601:5707
[  967141ms] [ERROR] Error: <ellipse> attribute ry: Expected length, "undefined". @ http://localhost:3000/node_modules/.vite/deps/motion_react.js?v=c51b6601:5707
[  967141ms] [ERROR] Error: <ellipse> attribute ry: Expected length, "undefined". @ http://localhost:3000/node_modules/.vite/deps/motion_react.js?v=c51b6601:5707
[  967141ms] [ERROR] Error: <ellipse> attribute ry: Expected length, "undefined". @ http://localhost:3000/node_modules/.vite/deps/motion_react.js?v=c51b6601:5707
[ 1029593ms] [ERROR] Error: <ellipse> attribute ry: Expected length, "undefined". @ http://localhost:3000/node_modules/.vite/deps/motion_react.js?v=c51b6601:5707
[ 1029593ms] [ERROR] Error: <ellipse> attribute ry: Expected length, "undefined". @ http://localhost:3000/node_modules/.vite/deps/motion_react.js?v=c51b6601:5707
[ 1029593ms] [ERROR] Error: <ellipse> attribute ry: Expected length, "undefined". @ http://localhost:3000/node_modules/.vite/deps/motion_react.js?v=c51b6601:5707
[ 1029593ms] [ERROR] Error: <ellipse> attribute ry: Expected length, "undefined". @ http://localhost:3000/node_modules/.vite/deps/motion_react.js?v=c51b6601:5707
[ 1029593ms] [ERROR] Error: <ellipse> attribute ry: Expected length, "undefined". @ http://localhost:3000/node_modules/.vite/deps/motion_react.js?v=c51b6601:5707
[ 1029593ms] [ERROR] Error: <ellipse> attribute ry: Expected length, "undefined". @ http://localhost:3000/node_modules/.vite/deps/motion_react.js?v=c51b6601:5707
[ 1029606ms] [ERROR] Error: <ellipse> attribute ry: Expected length, "undefined". @ http://localhost:3000/node_modules/.vite/deps/motion_react.js?v=c51b6601:5707
[ 1029606ms] [ERROR] Error: <ellipse> attribute ry: Expected length, "undefined". @ http://localhost:3000/node_modules/.vite/deps/motion_react.js?v=c51b6601:5707
[ 1029606ms] [ERROR] Error: <ellipse> attribute ry: Expected length, "undefined". @ http://localhost:3000/node_modules/.vite/deps/motion_react.js?v=c51b6601:5707
[ 1029606ms] [ERROR] Error: <ellipse> attribute ry: Expected length, "undefined". @ http://localhost:3000/node_modules/.vite/deps/motion_react.js?v=c51b6601:5707
[ 1029606ms] [ERROR] Error: <ellipse> attribute ry: Expected length, "undefined". @ http://localhost:3000/node_modules/.vite/deps/motion_react.js?v=c51b6601:5707
[ 1029606ms] [ERROR] Error: <ellipse> attribute ry: Expected length, "undefined". @ http://localhost:3000/node_modules/.vite/deps/motion_react.js?v=c51b6601:5707
[ 1067036ms] [ERROR] Error: <ellipse> attribute ry: Expected length, "undefined". @ http://localhost:3000/node_modules/.vite/deps/motion_react.js?v=c51b6601:5707
[ 1067036ms] [ERROR] Error: <ellipse> attribute ry: Expected length, "undefined". @ http://localhost:3000/node_modules/.vite/deps/motion_react.js?v=c51b6601:5707
[ 1067036ms] [ERROR] Error: <ellipse> attribute ry: Expected length, "undefined". @ http://localhost:3000/node_modules/.vite/deps/motion_react.js?v=c51b6601:5707
[ 1067036ms] [ERROR] Error: <ellipse> attribute ry: Expected length, "undefined". @ http://localhost:3000/node_modules/.vite/deps/motion_react.js?v=c51b6601:5707
[ 1067036ms] [ERROR] Error: <ellipse> attribute ry: Expected length, "undefined". @ http://localhost:3000/node_modules/.vite/deps/motion_react.js?v=c51b6601:5707
[ 1067036ms] [ERROR] Error: <ellipse> attribute ry: Expected length, "undefined". @ http://localhost:3000/node_modules/.vite/deps/motion_react.js?v=c51b6601:5707
[ 1067054ms] [ERROR] Error: <ellipse> attribute ry: Expected length, "undefined". @ http://localhost:3000/node_modules/.vite/deps/motion_react.js?v=c51b6601:5707
[ 1067054ms] [ERROR] Error: <ellipse> attribute ry: Expected length, "undefined". @ http://localhost:3000/node_modules/.vite/deps/motion_react.js?v=c51b6601:5707
[ 1067054ms] [ERROR] Error: <ellipse> attribute ry: Expected length, "undefined". @ http://localhost:3000/node_modules/.vite/deps/motion_react.js?v=c51b6601:5707
[ 1067054ms] [ERROR] Error: <ellipse> attribute ry: Expected length, "undefined". @ http://localhost:3000/node_modules/.vite/deps/motion_react.js?v=c51b6601:5707
[ 1067054ms] [ERROR] Error: <ellipse> attribute ry: Expected length, "undefined". @ http://localhost:3000/node_modules/.vite/deps/motion_react.js?v=c51b6601:5707
[ 1067054ms] [ERROR] Error: <ellipse> attribute ry: Expected length, "undefined". @ http://localhost:3000/node_modules/.vite/deps/motion_react.js?v=c51b6601:5707
[ 1107703ms] [ERROR] Error: <ellipse> attribute ry: Expected length, "undefined". @ http://localhost:3000/node_modules/.vite/deps/motion_react.js?v=c51b6601:5707
[ 1107703ms] [ERROR] Error: <ellipse> attribute ry: Expected length, "undefined". @ http://localhost:3000/node_modules/.vite/deps/motion_react.js?v=c51b6601:5707
[ 1107703ms] [ERROR] Error: <ellipse> attribute ry: Expected length, "undefined". @ http://localhost:3000/node_modules/.vite/deps/motion_react.js?v=c51b6601:5707
[ 1107703ms] [ERROR] Error: <ellipse> attribute ry: Expected length, "undefined". @ http://localhost:3000/node_modules/.vite/deps/motion_react.js?v=c51b6601:5707
[ 1107704ms] [ERROR] Error: <ellipse> attribute ry: Expected length, "undefined". @ http://localhost:3000/node_modules/.vite/deps/motion_react.js?v=c51b6601:5707
[ 1107704ms] [ERROR] Error: <ellipse> attribute ry: Expected length, "undefined". @ http://localhost:3000/node_modules/.vite/deps/motion_react.js?v=c51b6601:5707
[ 1143610ms] [ERROR] Error: <ellipse> attribute ry: Expected length, "undefined". @ http://localhost:3000/node_modules/.vite/deps/motion_react.js?v=c51b6601:5707
[ 1143610ms] [ERROR] Error: <ellipse> attribute ry: Expected length, "undefined". @ http://localhost:3000/node_modules/.vite/deps/motion_react.js?v=c51b6601:5707
[ 1173635ms] [ERROR] Error: <ellipse> attribute ry: Expected length, "undefined". @ http://localhost:3000/node_modules/.vite/deps/motion_react.js?v=c51b6601:5707
[ 1173635ms] [ERROR] Error: <ellipse> attribute ry: Expected length, "undefined". @ http://localhost:3000/node_modules/.vite/deps/motion_react.js?v=c51b6601:5707
[ 1173635ms] [ERROR] Error: <ellipse> attribute ry: Expected length, "undefined". @ http://localhost:3000/node_modules/.vite/deps/motion_react.js?v=c51b6601:5707
[ 1173635ms] [ERROR] Error: <ellipse> attribute ry: Expected length, "undefined". @ http://localhost:3000/node_modules/.vite/deps/motion_react.js?v=c51b6601:5707
[ 1173635ms] [ERROR] Error: <ellipse> attribute ry: Expected length, "undefined". @ http://localhost:3000/node_modules/.vite/deps/motion_react.js?v=c51b6601:5707
[ 1173635ms] [ERROR] Error: <ellipse> attribute ry: Expected length, "undefined". @ http://localhost:3000/node_modules/.vite/deps/motion_react.js?v=c51b6601:5707
[ 1173652ms] [ERROR] Error: <ellipse> attribute ry: Expected length, "undefined". @ http://localhost:3000/node_modules/.vite/deps/motion_react.js?v=c51b6601:5707
[ 1173652ms] [ERROR] Error: <ellipse> attribute ry: Expected length, "undefined". @ http://localhost:3000/node_modules/.vite/deps/motion_react.js?v=c51b6601:5707
[ 1173652ms] [ERROR] Error: <ellipse> attribute ry: Expected length, "undefined". @ http://localhost:3000/node_modules/.vite/deps/motion_react.js?v=c51b6601:5707
[ 1173652ms] [ERROR] Error: <ellipse> attribute ry: Expected length, "undefined". @ http://localhost:3000/node_modules/.vite/deps/motion_react.js?v=c51b6601:5707
[ 1173652ms] [ERROR] Error: <ellipse> attribute ry: Expected length, "undefined". @ http://localhost:3000/node_modules/.vite/deps/motion_react.js?v=c51b6601:5707
[ 1173652ms] [ERROR] Error: <ellipse> attribute ry: Expected length, "undefined". @ http://localhost:3000/node_modules/.vite/deps/motion_react.js?v=c51b6601:5707
[ 1259401ms] [ERROR] Error: <ellipse> attribute ry: Expected length, "undefined". @ http://localhost:3000/node_modules/.vite/deps/motion_react.js?v=c51b6601:5707
[ 1259401ms] [ERROR] Error: <ellipse> attribute ry: Expected length, "undefined". @ http://localhost:3000/node_modules/.vite/deps/motion_react.js?v=c51b6601:5707
[ 1259401ms] [ERROR] Error: <ellipse> attribute ry: Expected length, "undefined". @ http://localhost:3000/node_modules/.vite/deps/motion_react.js?v=c51b6601:5707
[ 1259401ms] [ERROR] Error: <ellipse> attribute ry: Expected length, "undefined". @ http://localhost:3000/node_modules/.vite/deps/motion_react.js?v=c51b6601:5707
[ 1259401ms] [ERROR] Error: <ellipse> attribute ry: Expected length, "undefined". @ http://localhost:3000/node_modules/.vite/deps/motion_react.js?v=c51b6601:5707
[ 1259401ms] [ERROR] Error: <ellipse> attribute ry: Expected length, "undefined". @ http://localhost:3000/node_modules/.vite/deps/motion_react.js?v=c51b6601:5707
[ 2153931ms] [ERROR] Error: <ellipse> attribute ry: Expected length, "undefined". @ http://localhost:3000/node_modules/.vite/deps/motion_react.js?v=c51b6601:5707
[ 2153931ms] [ERROR] Error: <ellipse> attribute ry: Expected length, "undefined". @ http://localhost:3000/node_modules/.vite/deps/motion_react.js?v=c51b6601:5707
[ 2153931ms] [ERROR] Error: <ellipse> attribute ry: Expected length, "undefined". @ http://localhost:3000/node_modules/.vite/deps/motion_react.js?v=c51b6601:5707
[ 2153931ms] [ERROR] Error: <ellipse> attribute ry: Expected length, "undefined". @ http://localhost:3000/node_modules/.vite/deps/motion_react.js?v=c51b6601:5707
[ 2153931ms] [ERROR] Error: <ellipse> attribute ry: Expected length, "undefined". @ http://localhost:3000/node_modules/.vite/deps/motion_react.js?v=c51b6601:5707
[ 2153931ms] [ERROR] Error: <ellipse> attribute ry: Expected length, "undefined". @ http://localhost:3000/node_modules/.vite/deps/motion_react.js?v=c51b6601:5707
[ 2275588ms] [ERROR] Error: <ellipse> attribute ry: Expected length, "undefined". @ http://localhost:3000/node_modules/.vite/deps/motion_react.js?v=c51b6601:5707
[ 2275588ms] [ERROR] Error: <ellipse> attribute ry: Expected length, "undefined". @ http://localhost:3000/node_modules/.vite/deps/motion_react.js?v=c51b6601:5707
[ 2275588ms] [ERROR] Error: <ellipse> attribute ry: Expected length, "undefined". @ http://localhost:3000/node_modules/.vite/deps/motion_react.js?v=c51b6601:5707
[ 2275588ms] [ERROR] Error: <ellipse> attribute ry: Expected length, "undefined". @ http://localhost:3000/node_modules/.vite/deps/motion_react.js?v=c51b6601:5707
[ 2275588ms] [ERROR] Error: <ellipse> attribute ry: Expected length, "undefined". @ http://localhost:3000/node_modules/.vite/deps/motion_react.js?v=c51b6601:5707
[ 2275588ms] [ERROR] Error: <ellipse> attribute ry: Expected length, "undefined". @ http://localhost:3000/node_modules/.vite/deps/motion_react.js?v=c51b6601:5707
[ 2275589ms] [WARNING] Please ensure that the container has a non-static position, like 'relative', 'fixed', or 'absolute' to ensure scroll offset is calculated correctly. @ http://localhost:3000/node_modules/.vite/deps/motion_react.js?v=c51b6601:195
[ 2296260ms] [ERROR] Error: <ellipse> attribute ry: Expected length, "undefined". @ http://localhost:3000/node_modules/.vite/deps/motion_react.js?v=c51b6601:5707
[ 2296260ms] [ERROR] Error: <ellipse> attribute ry: Expected length, "undefined". @ http://localhost:3000/node_modules/.vite/deps/motion_react.js?v=c51b6601:5707
[ 2296260ms] [ERROR] Error: <ellipse> attribute ry: Expected length, "undefined". @ http://localhost:3000/node_modules/.vite/deps/motion_react.js?v=c51b6601:5707
[ 2296260ms] [ERROR] Error: <ellipse> attribute ry: Expected length, "undefined". @ http://localhost:3000/node_modules/.vite/deps/motion_react.js?v=c51b6601:5707
[ 2296260ms] [ERROR] Error: <ellipse> attribute ry: Expected length, "undefined". @ http://localhost:3000/node_modules/.vite/deps/motion_react.js?v=c51b6601:5707
[ 2296260ms] [ERROR] Error: <ellipse> attribute ry: Expected length, "undefined". @ http://localhost:3000/node_modules/.vite/deps/motion_react.js?v=c51b6601:5707
[ 2296260ms] [ERROR] Error: <ellipse> attribute ry: Expected length, "undefined". @ http://localhost:3000/node_modules/.vite/deps/motion_react.js?v=c51b6601:5707
[ 2296260ms] [ERROR] Error: <ellipse> attribute ry: Expected length, "undefined". @ http://localhost:3000/node_modules/.vite/deps/motion_react.js?v=c51b6601:5707
[ 2296289ms] [ERROR] %o

%s

%s
 NotFoundError: Failed to execute 'removeChild' on 'Node': The node to be removed is not a child of this node.
    at removeChild (http://localhost:3000/node_modules/.vite/deps/react-dom_client.js?v=c51b6601:13969:24)
    at runWithFiberInDEV (http://localhost:3000/node_modules/.vite/deps/react-dom_client.js?v=c51b6601:1485:72)
    at commitDeletionEffectsOnFiber (http://localhost:3000/node_modules/.vite/deps/react-dom_client.js?v=c51b6601:9192:19)
    at recursivelyTraverseDeletionEffects (http://localhost:3000/node_modules/.vite/deps/react-dom_client.js?v=c51b6601:9118:11)
    at commitDeletionEffectsOnFiber (http://localhost:3000/node_modules/.vite/deps/react-dom_client.js?v=c51b6601:9239:13)
    at recursivelyTraverseDeletionEffects (http://localhost:3000/node_modules/.vite/deps/react-dom_client.js?v=c51b6601:9118:11)
    at commitDeletionEffectsOnFiber (http://localhost:3000/node_modules/.vite/deps/react-dom_client.js?v=c51b6601:9239:13)
    at recursivelyTraverseDeletionEffects (http://localhost:3000/node_modules/.vite/deps/react-dom_client.js?v=c51b6601:9118:11)
    at commitDeletionEffectsOnFiber (http://localhost:3000/node_modules/.vite/deps/react-dom_client.js?v=c51b6601:9148:13)
    at recursivelyTraverseDeletionEffects (http://localhost:3000/node_modules/.vite/deps/react-dom_client.js?v=c51b6601:9118:11) The above error occurred in the <link> component. React will try to recreate this component tree from scratch using the error boundary you provided, CatchBoundaryImpl. @ http://localhost:3000/node_modules/.vite/deps/react-dom_client.js?v=c51b6601:6263
[ 2296289ms] [WARNING] Warning: The following error wasn't caught by any route! At the very least, consider setting an 'errorComponent' in your RootRoute! @ http://localhost:3000/node_modules/.pnpm/tiny-warning@1.0.3/node_modules/tiny-warning/dist/tiny-warning.esm.js?v=c51b6601:8
[ 2296289ms] [WARNING] Warning: Failed to execute 'removeChild' on 'Node': The node to be removed is not a child of this node. @ http://localhost:3000/node_modules/.pnpm/tiny-warning@1.0.3/node_modules/tiny-warning/dist/tiny-warning.esm.js?v=c51b6601:8
[ 2296312ms] [ERROR] Error: <ellipse> attribute ry: Expected length, "undefined". @ http://localhost:3000/node_modules/.vite/deps/motion_react.js?v=c51b6601:5707
[ 2296312ms] [ERROR] Error: <ellipse> attribute ry: Expected length, "undefined". @ http://localhost:3000/node_modules/.vite/deps/motion_react.js?v=c51b6601:5707
[ 2296312ms] [ERROR] Error: <ellipse> attribute ry: Expected length, "undefined". @ http://localhost:3000/node_modules/.vite/deps/motion_react.js?v=c51b6601:5707
[ 2296312ms] [ERROR] Error: <ellipse> attribute ry: Expected length, "undefined". @ http://localhost:3000/node_modules/.vite/deps/motion_react.js?v=c51b6601:5707
[ 2296312ms] [ERROR] Error: <ellipse> attribute ry: Expected length, "undefined". @ http://localhost:3000/node_modules/.vite/deps/motion_react.js?v=c51b6601:5707
[ 2296312ms] [ERROR] Error: <ellipse> attribute ry: Expected length, "undefined". @ http://localhost:3000/node_modules/.vite/deps/motion_react.js?v=c51b6601:5707
[ 2296312ms] [ERROR] Error: <ellipse> attribute ry: Expected length, "undefined". @ http://localhost:3000/node_modules/.vite/deps/motion_react.js?v=c51b6601:5707
[ 2296312ms] [ERROR] Error: <ellipse> attribute ry: Expected length, "undefined". @ http://localhost:3000/node_modules/.vite/deps/motion_react.js?v=c51b6601:5707
[ 2438776ms] [WARNING] Please ensure that the container has a non-static position, like 'relative', 'fixed', or 'absolute' to ensure scroll offset is calculated correctly. @ http://localhost:3000/node_modules/.vite/deps/motion_react.js?v=c51b6601:195
