[     191ms] [ERROR] A tree hydrated but some attributes of the server rendered HTML didn't match the client properties. This won't be patched up. This can happen if a SSR-ed Client Component used:

- A server/client branch `if (typeof window !== 'undefined')`.
- Variable input such as `Date.now()` or `Math.random()` which changes each time it's called.
- Date formatting in a user's locale which doesn't match the server.
- External changing data without sending a snapshot of it along with the HTML.
- Invalid HTML tag nesting.

It can also happen if the client has a browser extension installed which messes with the HTML before React loaded.

%s%s https://react.dev/link/hydration-mismatch 

  ...
    <SafeFragment fallback={null}>
      <SafeFragment getResetKey={function getResetKey} errorComponent={function ErrorComponent} ...>
        <SafeFragment fallback={function fallback}>
          <MatchInnerImpl matchId="//">
            <Lazy>
              <HomePage>
                <div className="relative">
                  <HeroSection>
                    <section className="relative f..." id="hero" ref={{current:null}}>
                      <motion.div className="relative z..." style={{opacity:{...}, ...}}>
                        <div className="relative z..." style={{...}} ref={function}>
                          <KineticText as="h1" className="font-displ..." mode="scatter" text="LOOPWIC">
                            <h1 className="font-displ..." ref={{current:null}}>
                              <span
                                className="inline-block transition-all duration-600"
                                style={{
+                                 opacity: 0
-                                 opacity: "0"
+                                 transform: "translate(-22.651581800958454px, 133.70328979671453px) rotate(10.0951295..."
-                                 transform: "translate(229.679px, 185.244px) rotate(11.5139deg)"
+                                 transitionDelay: "0ms"
+                                 transitionTimingFunction: "cubic-bezier(0.16, 1, 0.3, 1)"
-                                 transition-delay: "0ms"
-                                 transition-timing-function: "cubic-bezier(0.16, 1, 0.3, 1)"
                                }}
                              >
+                               L
                              <span
                                className="inline-block transition-all duration-600"
                                style={{
+                                 opacity: 0
-                                 opacity: "0"
+                                 transform: "translate(-288.36230591762865px, 99.71589265687415px) rotate(-19.3119215..."
-                                 transform: "translate(-79.2295px, -143.75px) rotate(-8.5084deg)"
+                                 transitionDelay: "57.142857142857146ms"
+                                 transitionTimingFunction: "cubic-bezier(0.16, 1, 0.3, 1)"
-                                 transition-delay: "57.1429ms"
-                                 transition-timing-function: "cubic-bezier(0.16, 1, 0.3, 1)"
                                }}
                              >
+                               O
                              <span
                                className="inline-block transition-all duration-600"
                                style={{
+                                 opacity: 0
-                                 opacity: "0"
+                                 transform: "translate(-53.74334148000956px, 173.77379809415433px) rotate(-11.9370126..."
-                                 transform: "translate(-197.457px, 196.876px) rotate(-18.2807deg)"
+                                 transitionDelay: "114.28571428571429ms"
+                                 transitionTimingFunction: "cubic-bezier(0.16, 1, 0.3, 1)"
-                                 transition-delay: "114.286ms"
-                                 transition-timing-function: "cubic-bezier(0.16, 1, 0.3, 1)"
                                }}
                              >
+                               O
                              <span
                                className="inline-block transition-all duration-600"
                                style={{
+                                 opacity: 0
-                                 opacity: "0"
+                                 transform: "translate(88.61196292297866px, 122.62188953512867px) rotate(40.929744603..."
-                                 transform: "translate(-56.9489px, -75.8606px) rotate(26.3431deg)"
+                                 transitionDelay: "171.42857142857144ms"
+                                 transitionTimingFunction: "cubic-bezier(0.16, 1, 0.3, 1)"
-                                 transition-delay: "171.429ms"
-                                 transition-timing-function: "cubic-bezier(0.16, 1, 0.3, 1)"
                                }}
                              >
+                               P
                              <span
                                className="inline-block transition-all duration-600"
                                style={{
+                                 opacity: 0
-                                 opacity: "0"
+                                 transform: "translate(-215.83457048042513px, -168.1802803435568px) rotate(28.1445143..."
-                                 transform: "translate(-104.525px, -136.834px) rotate(34.4062deg)"
+                                 transitionDelay: "228.57142857142858ms"
+                                 transitionTimingFunction: "cubic-bezier(0.16, 1, 0.3, 1)"
-                                 transition-delay: "228.571ms"
-                                 transition-timing-function: "cubic-bezier(0.16, 1, 0.3, 1)"
                                }}
                              >
+                               W
                              <span
                                className="inline-block transition-all duration-600"
                                style={{
+                                 opacity: 0
-                                 opacity: "0"
+                                 transform: "translate(-209.60651939900833px, -199.8074096869953px) rotate(-10.348601..."
-                                 transform: "translate(146.129px, 129.84px) rotate(38.3327deg)"
+                                 transitionDelay: "285.7142857142857ms"
+                                 transitionTimingFunction: "cubic-bezier(0.16, 1, 0.3, 1)"
-                                 transition-delay: "285.714ms"
-                                 transition-timing-function: "cubic-bezier(0.16, 1, 0.3, 1)"
                                }}
                              >
+                               I
                              <span
                                className="inline-block transition-all duration-600"
                                style={{
+                                 opacity: 0
-                                 opacity: "0"
+                                 transform: "translate(-85.73341173711984px, 136.44666197390006px) rotate(1.068152488..."
-                                 transform: "translate(-61.3229px, 156.357px) rotate(43.7387deg)"
+                                 transitionDelay: "342.8571428571429ms"
+                                 transitionTimingFunction: "cubic-bezier(0.16, 1, 0.3, 1)"
-                                 transition-delay: "342.857ms"
-                                 transition-timing-function: "cubic-bezier(0.16, 1, 0.3, 1)"
                                }}
                              >
+                               C
                          ...
                      ...
                  ...
 @ http://localhost:3003/node_modules/.vite/deps/react-dom_client.js?v=de34468c:3498
[     194ms] [WARNING] Please ensure that the container has a non-static position, like 'relative', 'fixed', or 'absolute' to ensure scroll offset is calculated correctly. @ http://localhost:3003/node_modules/.vite/deps/motion_react.js?v=de34468c:195
